{"C:\\Users\\cinsua\\Desktop\\mini-forum\\server.js":{"path":"C:\\Users\\cinsua\\Desktop\\mini-forum\\server.js","s":{"1":1,"2":1,"3":1,"4":1,"5":1,"6":1,"7":1,"8":1,"9":1,"10":1,"11":1,"12":1,"13":1,"14":1,"15":1,"16":1,"17":0,"18":1,"19":1,"20":1,"21":1,"22":1,"23":1,"24":1,"25":1,"26":1,"27":1},"b":{"1":[0,1]},"f":{},"fnMap":{},"statementMap":{"1":{"start":{"line":1,"column":0},"end":{"line":1,"column":32}},"2":{"start":{"line":6,"column":0},"end":{"line":6,"column":32}},"3":{"start":{"line":7,"column":0},"end":{"line":7,"column":33}},"4":{"start":{"line":8,"column":0},"end":{"line":8,"column":42}},"5":{"start":{"line":9,"column":0},"end":{"line":9,"column":37}},"6":{"start":{"line":10,"column":0},"end":{"line":10,"column":29}},"7":{"start":{"line":11,"column":0},"end":{"line":11,"column":33}},"8":{"start":{"line":14,"column":0},"end":{"line":14,"column":46}},"9":{"start":{"line":15,"column":0},"end":{"line":15,"column":50}},"10":{"start":{"line":16,"column":0},"end":{"line":16,"column":46}},"11":{"start":{"line":18,"column":0},"end":{"line":18,"column":20}},"12":{"start":{"line":21,"column":0},"end":{"line":21,"column":45}},"13":{"start":{"line":22,"column":0},"end":{"line":22,"column":43}},"14":{"start":{"line":24,"column":0},"end":{"line":24,"column":27}},"15":{"start":{"line":25,"column":0},"end":{"line":27,"column":4}},"16":{"start":{"line":28,"column":0},"end":{"line":28,"column":71}},"17":{"start":{"line":28,"column":44},"end":{"line":28,"column":71}},"18":{"start":{"line":31,"column":0},"end":{"line":31,"column":30}},"19":{"start":{"line":32,"column":0},"end":{"line":32,"column":59}},"20":{"start":{"line":35,"column":0},"end":{"line":35,"column":31}},"21":{"start":{"line":38,"column":0},"end":{"line":38,"column":16}},"22":{"start":{"line":41,"column":0},"end":{"line":41,"column":18}},"23":{"start":{"line":44,"column":0},"end":{"line":44,"column":22}},"24":{"start":{"line":46,"column":0},"end":{"line":49,"column":3}},"25":{"start":{"line":47,"column":2},"end":{"line":47,"column":151}},"26":{"start":{"line":48,"column":2},"end":{"line":48,"column":123}},"27":{"start":{"line":51,"column":0},"end":{"line":51,"column":20}}},"branchMap":{"1":{"line":28,"type":"if","locations":[{"start":{"line":28,"column":0},"end":{"line":28,"column":0}},{"start":{"line":28,"column":0},"end":{"line":28,"column":0}}]}}},"C:\\Users\\cinsua\\Desktop\\mini-forum\\tools\\serverTools.js":{"path":"C:\\Users\\cinsua\\Desktop\\mini-forum\\tools\\serverTools.js","s":{"1":1,"2":1,"3":0,"4":0,"5":0,"6":0,"7":0,"8":0,"9":0,"10":0,"11":0,"12":0,"13":0,"14":0,"15":0,"16":0,"17":0,"18":0,"19":0,"20":0,"21":0,"22":0,"23":0,"24":0,"25":0,"26":0,"27":0,"28":0,"29":0,"30":0,"31":0,"32":0,"33":0,"34":0,"35":0,"36":0,"37":0,"38":0,"39":0,"40":0},"b":{"1":[0,0],"2":[0,0],"3":[0,0],"4":[0,0],"5":[0,0,0,0,0],"6":[0,0],"7":[0,0],"8":[0,0]},"f":{},"fnMap":{},"statementMap":{"1":{"start":{"line":2,"column":0},"end":{"line":2,"column":29}},"2":{"start":{"line":4,"column":0},"end":{"line":70,"column":1}},"3":{"start":{"line":14,"column":4},"end":{"line":15,"column":17}},"4":{"start":{"line":15,"column":6},"end":{"line":15,"column":17}},"5":{"start":{"line":16,"column":4},"end":{"line":20,"column":5}},"6":{"start":{"line":17,"column":6},"end":{"line":17,"column":44}},"7":{"start":{"line":19,"column":6},"end":{"line":19,"column":50}},"8":{"start":{"line":24,"column":4},"end":{"line":24,"column":29}},"9":{"start":{"line":25,"column":4},"end":{"line":25,"column":19}},"10":{"start":{"line":26,"column":4},"end":{"line":26,"column":43}},"11":{"start":{"line":26,"column":29},"end":{"line":26,"column":43}},"12":{"start":{"line":27,"column":4},"end":{"line":27,"column":43}},"13":{"start":{"line":27,"column":28},"end":{"line":27,"column":43}},"14":{"start":{"line":28,"column":4},"end":{"line":43,"column":5}},"15":{"start":{"line":30,"column":8},"end":{"line":30,"column":39}},"16":{"start":{"line":31,"column":8},"end":{"line":31,"column":14}},"17":{"start":{"line":33,"column":8},"end":{"line":33,"column":40}},"18":{"start":{"line":34,"column":8},"end":{"line":34,"column":14}},"19":{"start":{"line":36,"column":8},"end":{"line":36,"column":42}},"20":{"start":{"line":37,"column":8},"end":{"line":37,"column":14}},"21":{"start":{"line":39,"column":8},"end":{"line":39,"column":41}},"22":{"start":{"line":40,"column":8},"end":{"line":40,"column":14}},"23":{"start":{"line":42,"column":8},"end":{"line":42,"column":38}},"24":{"start":{"line":44,"column":4},"end":{"line":44,"column":19}},"25":{"start":{"line":45,"column":4},"end":{"line":51,"column":5}},"26":{"start":{"line":46,"column":6},"end":{"line":46,"column":45}},"27":{"start":{"line":47,"column":11},"end":{"line":51,"column":5}},"28":{"start":{"line":48,"column":6},"end":{"line":48,"column":46}},"29":{"start":{"line":50,"column":6},"end":{"line":50,"column":48}},"30":{"start":{"line":52,"column":4},"end":{"line":52,"column":19}},"31":{"start":{"line":53,"column":4},"end":{"line":56,"column":5}},"32":{"start":{"line":54,"column":6},"end":{"line":54,"column":61}},"33":{"start":{"line":55,"column":6},"end":{"line":55,"column":39}},"34":{"start":{"line":58,"column":4},"end":{"line":58,"column":75}},"35":{"start":{"line":62,"column":4},"end":{"line":62,"column":21}},"36":{"start":{"line":63,"column":4},"end":{"line":67,"column":5}},"37":{"start":{"line":64,"column":6},"end":{"line":64,"column":64}},"38":{"start":{"line":65,"column":6},"end":{"line":65,"column":28}},"39":{"start":{"line":66,"column":6},"end":{"line":66,"column":73}},"40":{"start":{"line":68,"column":4},"end":{"line":68,"column":26}}},"branchMap":{"1":{"line":14,"type":"if","locations":[{"start":{"line":14,"column":4},"end":{"line":14,"column":4}},{"start":{"line":14,"column":4},"end":{"line":14,"column":4}}]},"2":{"line":16,"type":"if","locations":[{"start":{"line":16,"column":4},"end":{"line":16,"column":4}},{"start":{"line":16,"column":4},"end":{"line":16,"column":4}}]},"3":{"line":26,"type":"if","locations":[{"start":{"line":26,"column":4},"end":{"line":26,"column":4}},{"start":{"line":26,"column":4},"end":{"line":26,"column":4}}]},"4":{"line":27,"type":"if","locations":[{"start":{"line":27,"column":4},"end":{"line":27,"column":4}},{"start":{"line":27,"column":4},"end":{"line":27,"column":4}}]},"5":{"line":28,"type":"switch","locations":[{"start":{"line":29,"column":6},"end":{"line":31,"column":14}},{"start":{"line":32,"column":6},"end":{"line":34,"column":14}},{"start":{"line":35,"column":6},"end":{"line":37,"column":14}},{"start":{"line":38,"column":6},"end":{"line":40,"column":14}},{"start":{"line":41,"column":6},"end":{"line":42,"column":38}}]},"6":{"line":45,"type":"if","locations":[{"start":{"line":45,"column":4},"end":{"line":45,"column":4}},{"start":{"line":45,"column":4},"end":{"line":45,"column":4}}]},"7":{"line":47,"type":"if","locations":[{"start":{"line":47,"column":11},"end":{"line":47,"column":11}},{"start":{"line":47,"column":11},"end":{"line":47,"column":11}}]},"8":{"line":53,"type":"if","locations":[{"start":{"line":53,"column":4},"end":{"line":53,"column":4}},{"start":{"line":53,"column":4},"end":{"line":53,"column":4}}]}}},"C:\\Users\\cinsua\\Desktop\\mini-forum\\config\\config.js":{"path":"C:\\Users\\cinsua\\Desktop\\mini-forum\\config\\config.js","s":{"1":1,"2":1,"3":1,"4":1,"5":1,"6":1},"b":{"1":[1,0]},"f":{},"fnMap":{},"statementMap":{"1":{"start":{"line":6,"column":0},"end":{"line":6,"column":37}},"2":{"start":{"line":7,"column":0},"end":{"line":7,"column":41}},"3":{"start":{"line":8,"column":0},"end":{"line":8,"column":58}},"4":{"start":{"line":9,"column":0},"end":{"line":9,"column":46}},"5":{"start":{"line":11,"column":0},"end":{"line":11,"column":63}},"6":{"start":{"line":12,"column":0},"end":{"line":12,"column":24}}},"branchMap":{"1":{"line":8,"type":"binary-expr","locations":[{"start":{"line":8,"column":20},"end":{"line":8,"column":40}},{"start":{"line":8,"column":44},"end":{"line":8,"column":57}}]}}},"C:\\Users\\cinsua\\Desktop\\mini-forum\\v1\\utils\\customErrors.js":{"path":"C:\\Users\\cinsua\\Desktop\\mini-forum\\v1\\utils\\customErrors.js","s":{"1":1,"2":0,"3":0,"4":0,"5":0,"6":0,"7":0,"8":0,"9":21,"10":21,"11":21,"12":21,"13":21,"14":1,"15":21,"16":21,"17":0,"18":0,"19":0,"20":0},"b":{},"f":{"1":0,"2":21,"3":21,"4":21,"5":0,"6":0},"fnMap":{"1":{"name":"(anonymous_1)","line":15,"loc":{"start":{"line":15,"column":13},"end":{"line":15,"column":40}}},"2":{"name":"(anonymous_2)","line":30,"loc":{"start":{"line":30,"column":13},"end":{"line":30,"column":40}}},"3":{"name":"(anonymous_3)","line":36,"loc":{"start":{"line":36,"column":10},"end":{"line":36,"column":13}}},"4":{"name":"(anonymous_4)","line":42,"loc":{"start":{"line":42,"column":12},"end":{"line":42,"column":28}}},"5":{"name":"(anonymous_5)","line":46,"loc":{"start":{"line":46,"column":18},"end":{"line":46,"column":45}}},"6":{"name":"(anonymous_6)","line":51,"loc":{"start":{"line":51,"column":20},"end":{"line":51,"column":36}}}},"statementMap":{"1":{"start":{"line":1,"column":0},"end":{"line":1,"column":44}},"2":{"start":{"line":16,"column":4},"end":{"line":16,"column":19}},"3":{"start":{"line":19,"column":4},"end":{"line":19,"column":16}},"4":{"start":{"line":20,"column":4},"end":{"line":20,"column":25}},"5":{"start":{"line":21,"column":4},"end":{"line":21,"column":20}},"6":{"start":{"line":22,"column":4},"end":{"line":22,"column":25}},"7":{"start":{"line":23,"column":4},"end":{"line":23,"column":22}},"8":{"start":{"line":24,"column":4},"end":{"line":24,"column":52}},"9":{"start":{"line":31,"column":4},"end":{"line":31,"column":19}},"10":{"start":{"line":32,"column":4},"end":{"line":32,"column":25}},"11":{"start":{"line":33,"column":4},"end":{"line":33,"column":20}},"12":{"start":{"line":34,"column":4},"end":{"line":34,"column":52}},"13":{"start":{"line":37,"column":4},"end":{"line":37,"column":70}},"14":{"start":{"line":41,"column":0},"end":{"line":55,"column":1}},"15":{"start":{"line":43,"column":4},"end":{"line":43,"column":73}},"16":{"start":{"line":44,"column":4},"end":{"line":44,"column":14}},"17":{"start":{"line":47,"column":4},"end":{"line":47,"column":43}},"18":{"start":{"line":48,"column":4},"end":{"line":48,"column":14}},"19":{"start":{"line":52,"column":4},"end":{"line":52,"column":81}},"20":{"start":{"line":53,"column":4},"end":{"line":53,"column":41}}},"branchMap":{}},"C:\\Users\\cinsua\\Desktop\\mini-forum\\v1\\utils\\detailErrors.js":{"path":"C:\\Users\\cinsua\\Desktop\\mini-forum\\v1\\utils\\detailErrors.js","s":{"1":1,"2":1},"b":{},"f":{},"fnMap":{},"statementMap":{"1":{"start":{"line":2,"column":0},"end":{"line":99,"column":1}},"2":{"start":{"line":101,"column":0},"end":{"line":101,"column":30}}},"branchMap":{}},"C:\\Users\\cinsua\\Desktop\\mini-forum\\v1\\routes\\user.js":{"path":"C:\\Users\\cinsua\\Desktop\\mini-forum\\v1\\routes\\user.js","s":{"1":1,"2":1,"3":1,"4":1,"5":1,"6":1,"7":1,"8":1,"9":1,"10":1,"11":1,"12":1,"13":1,"14":2,"15":2,"16":2},"b":{},"f":{"1":2},"fnMap":{"1":{"name":"hello","line":166,"loc":{"start":{"line":166,"column":0},"end":{"line":166,"column":31}}}},"statementMap":{"1":{"start":{"line":1,"column":0},"end":{"line":1,"column":58}},"2":{"start":{"line":2,"column":0},"end":{"line":2,"column":45}},"3":{"start":{"line":3,"column":0},"end":{"line":3,"column":45}},"4":{"start":{"line":4,"column":0},"end":{"line":4,"column":37}},"5":{"start":{"line":5,"column":0},"end":{"line":5,"column":67}},"6":{"start":{"line":7,"column":0},"end":{"line":7,"column":51}},"7":{"start":{"line":9,"column":0},"end":{"line":9,"column":54}},"8":{"start":{"line":10,"column":0},"end":{"line":10,"column":60}},"9":{"start":{"line":12,"column":0},"end":{"line":12,"column":46}},"10":{"start":{"line":14,"column":0},"end":{"line":14,"column":62}},"11":{"start":{"line":21,"column":0},"end":{"line":21,"column":83}},"12":{"start":{"line":23,"column":0},"end":{"line":164,"column":1}},"13":{"start":{"line":166,"column":0},"end":{"line":172,"column":1}},"14":{"start":{"line":167,"column":2},"end":{"line":167,"column":107}},"15":{"start":{"line":168,"column":2},"end":{"line":168,"column":79}},"16":{"start":{"line":170,"column":2},"end":{"line":170,"column":8}}},"branchMap":{}},"C:\\Users\\cinsua\\Desktop\\mini-forum\\v1\\middlewares\\request.js":{"path":"C:\\Users\\cinsua\\Desktop\\mini-forum\\v1\\middlewares\\request.js","s":{"1":1,"2":1,"3":84,"4":84,"5":84,"6":84,"7":29,"8":84,"9":84},"b":{"1":[29,55]},"f":{"1":84},"fnMap":{"1":{"name":"(anonymous_1)","line":4,"loc":{"start":{"line":4,"column":16},"end":{"line":4,"column":42}}}},"statementMap":{"1":{"start":{"line":1,"column":0},"end":{"line":1,"column":27}},"2":{"start":{"line":3,"column":0},"end":{"line":25,"column":1}},"3":{"start":{"line":6,"column":4},"end":{"line":6,"column":89}},"4":{"start":{"line":9,"column":4},"end":{"line":13,"column":5}},"5":{"start":{"line":15,"column":4},"end":{"line":15,"column":82}},"6":{"start":{"line":16,"column":4},"end":{"line":18,"column":5}},"7":{"start":{"line":17,"column":6},"end":{"line":17,"column":24}},"8":{"start":{"line":21,"column":4},"end":{"line":21,"column":35}},"9":{"start":{"line":22,"column":4},"end":{"line":22,"column":10}}},"branchMap":{"1":{"line":16,"type":"if","locations":[{"start":{"line":16,"column":4},"end":{"line":16,"column":4}},{"start":{"line":16,"column":4},"end":{"line":16,"column":4}}]}}},"C:\\Users\\cinsua\\Desktop\\mini-forum\\v1\\routes\\userValidators.js":{"path":"C:\\Users\\cinsua\\Desktop\\mini-forum\\v1\\routes\\userValidators.js","s":{"1":1,"2":1,"3":1,"4":1,"5":1,"6":1,"7":1,"8":1,"9":1,"10":1,"11":1,"12":1,"13":1,"14":1,"15":1,"16":1,"17":1,"18":1,"19":1,"20":1,"21":1,"22":1,"23":1},"b":{},"f":{},"fnMap":{},"statementMap":{"1":{"start":{"line":1,"column":0},"end":{"line":1,"column":27}},"2":{"start":{"line":2,"column":0},"end":{"line":2,"column":40}},"3":{"start":{"line":8,"column":0},"end":{"line":8,"column":64}},"4":{"start":{"line":11,"column":0},"end":{"line":11,"column":73}},"5":{"start":{"line":12,"column":0},"end":{"line":12,"column":64}},"6":{"start":{"line":13,"column":0},"end":{"line":13,"column":93}},"7":{"start":{"line":14,"column":0},"end":{"line":14,"column":49}},"8":{"start":{"line":17,"column":0},"end":{"line":17,"column":61}},"9":{"start":{"line":18,"column":0},"end":{"line":18,"column":49}},"10":{"start":{"line":19,"column":0},"end":{"line":19,"column":50}},"11":{"start":{"line":22,"column":0},"end":{"line":22,"column":42}},"12":{"start":{"line":23,"column":0},"end":{"line":23,"column":43}},"13":{"start":{"line":29,"column":0},"end":{"line":31,"column":2}},"14":{"start":{"line":32,"column":0},"end":{"line":34,"column":2}},"15":{"start":{"line":35,"column":0},"end":{"line":37,"column":2}},"16":{"start":{"line":38,"column":0},"end":{"line":40,"column":2}},"17":{"start":{"line":42,"column":0},"end":{"line":47,"column":2}},"18":{"start":{"line":49,"column":0},"end":{"line":55,"column":48}},"19":{"start":{"line":57,"column":0},"end":{"line":62,"column":2}},"20":{"start":{"line":64,"column":0},"end":{"line":68,"column":2}},"21":{"start":{"line":69,"column":0},"end":{"line":73,"column":2}},"22":{"start":{"line":74,"column":0},"end":{"line":79,"column":42}},"23":{"start":{"line":84,"column":0},"end":{"line":120,"column":1}}},"branchMap":{}},"C:\\Users\\cinsua\\Desktop\\mini-forum\\v1\\models\\roles.js":{"path":"C:\\Users\\cinsua\\Desktop\\mini-forum\\v1\\models\\roles.js","s":{"1":1},"b":{},"f":{},"fnMap":{},"statementMap":{"1":{"start":{"line":1,"column":0},"end":{"line":34,"column":1}}},"branchMap":{}},"C:\\Users\\cinsua\\Desktop\\mini-forum\\v1\\services\\hateoas.js":{"path":"C:\\Users\\cinsua\\Desktop\\mini-forum\\v1\\services\\hateoas.js","s":{"1":1,"2":1,"3":43,"4":43,"5":43,"6":43,"7":43,"8":4,"9":4,"10":4,"11":4,"12":4,"13":0,"14":4,"15":0,"16":4,"17":0,"18":43,"19":43,"20":43,"21":14,"22":43,"23":1,"24":43,"25":0,"26":43,"27":25,"28":43,"29":2,"30":43,"31":731,"32":45,"33":43,"34":43,"35":45,"36":94,"37":40,"38":43},"b":{"1":[4,39],"2":[4,0],"3":[0,4],"4":[0,4],"5":[0,4],"6":[14,29],"7":[43,43],"8":[0,43],"9":[25,18],"10":[2,41],"11":[731,690,121],"12":[40,54]},"f":{"1":43},"fnMap":{"1":{"name":"getChilds","line":56,"loc":{"start":{"line":56,"column":0},"end":{"line":56,"column":53}}}},"statementMap":{"1":{"start":{"line":6,"column":0},"end":{"line":6,"column":39}},"2":{"start":{"line":8,"column":0},"end":{"line":54,"column":1}},"3":{"start":{"line":11,"column":4},"end":{"line":11,"column":54}},"4":{"start":{"line":12,"column":4},"end":{"line":12,"column":19}},"5":{"start":{"line":13,"column":4},"end":{"line":13,"column":30}},"6":{"start":{"line":15,"column":4},"end":{"line":15,"column":47}},"7":{"start":{"line":17,"column":4},"end":{"line":47,"column":5}},"8":{"start":{"line":18,"column":6},"end":{"line":23,"column":7}},"9":{"start":{"line":24,"column":6},"end":{"line":24,"column":27}},"10":{"start":{"line":25,"column":6},"end":{"line":30,"column":7}},"11":{"start":{"line":26,"column":8},"end":{"line":29,"column":11}},"12":{"start":{"line":31,"column":6},"end":{"line":35,"column":10}},"13":{"start":{"line":32,"column":8},"end":{"line":35,"column":10}},"14":{"start":{"line":36,"column":6},"end":{"line":40,"column":10}},"15":{"start":{"line":37,"column":8},"end":{"line":40,"column":10}},"16":{"start":{"line":42,"column":6},"end":{"line":46,"column":10}},"17":{"start":{"line":43,"column":8},"end":{"line":46,"column":10}},"18":{"start":{"line":49,"column":4},"end":{"line":49,"column":33}},"19":{"start":{"line":50,"column":4},"end":{"line":50,"column":55}},"20":{"start":{"line":51,"column":4},"end":{"line":51,"column":64}},"21":{"start":{"line":51,"column":46},"end":{"line":51,"column":64}},"22":{"start":{"line":52,"column":4},"end":{"line":52,"column":15}},"23":{"start":{"line":56,"column":0},"end":{"line":86,"column":1}},"24":{"start":{"line":59,"column":2},"end":{"line":59,"column":72}},"25":{"start":{"line":59,"column":33},"end":{"line":59,"column":72}},"26":{"start":{"line":60,"column":2},"end":{"line":60,"column":52}},"27":{"start":{"line":60,"column":34},"end":{"line":60,"column":52}},"28":{"start":{"line":61,"column":2},"end":{"line":61,"column":40}},"29":{"start":{"line":61,"column":28},"end":{"line":61,"column":40}},"30":{"start":{"line":65,"column":2},"end":{"line":67,"column":36}},"31":{"start":{"line":66,"column":20},"end":{"line":66,"column":90}},"32":{"start":{"line":67,"column":17},"end":{"line":67,"column":34}},"33":{"start":{"line":69,"column":2},"end":{"line":69,"column":12}},"34":{"start":{"line":72,"column":2},"end":{"line":82,"column":3}},"35":{"start":{"line":73,"column":4},"end":{"line":81,"column":5}},"36":{"start":{"line":74,"column":6},"end":{"line":80,"column":7}},"37":{"start":{"line":75,"column":8},"end":{"line":79,"column":10}},"38":{"start":{"line":84,"column":2},"end":{"line":84,"column":14}}},"branchMap":{"1":{"line":17,"type":"if","locations":[{"start":{"line":17,"column":4},"end":{"line":17,"column":4}},{"start":{"line":17,"column":4},"end":{"line":17,"column":4}}]},"2":{"line":25,"type":"if","locations":[{"start":{"line":25,"column":6},"end":{"line":25,"column":6}},{"start":{"line":25,"column":6},"end":{"line":25,"column":6}}]},"3":{"line":31,"type":"if","locations":[{"start":{"line":31,"column":6},"end":{"line":31,"column":6}},{"start":{"line":31,"column":6},"end":{"line":31,"column":6}}]},"4":{"line":36,"type":"if","locations":[{"start":{"line":36,"column":6},"end":{"line":36,"column":6}},{"start":{"line":36,"column":6},"end":{"line":36,"column":6}}]},"5":{"line":42,"type":"if","locations":[{"start":{"line":42,"column":6},"end":{"line":42,"column":6}},{"start":{"line":42,"column":6},"end":{"line":42,"column":6}}]},"6":{"line":51,"type":"if","locations":[{"start":{"line":51,"column":4},"end":{"line":51,"column":4}},{"start":{"line":51,"column":4},"end":{"line":51,"column":4}}]},"7":{"line":51,"type":"binary-expr","locations":[{"start":{"line":51,"column":8},"end":{"line":51,"column":28}},{"start":{"line":51,"column":32},"end":{"line":51,"column":44}}]},"8":{"line":59,"type":"if","locations":[{"start":{"line":59,"column":2},"end":{"line":59,"column":2}},{"start":{"line":59,"column":2},"end":{"line":59,"column":2}}]},"9":{"line":60,"type":"if","locations":[{"start":{"line":60,"column":2},"end":{"line":60,"column":2}},{"start":{"line":60,"column":2},"end":{"line":60,"column":2}}]},"10":{"line":61,"type":"if","locations":[{"start":{"line":61,"column":2},"end":{"line":61,"column":2}},{"start":{"line":61,"column":2},"end":{"line":61,"column":2}}]},"11":{"line":66,"type":"binary-expr","locations":[{"start":{"line":66,"column":20},"end":{"line":66,"column":31}},{"start":{"line":66,"column":35},"end":{"line":66,"column":54}},{"start":{"line":66,"column":58},"end":{"line":66,"column":90}}]},"12":{"line":74,"type":"if","locations":[{"start":{"line":74,"column":6},"end":{"line":74,"column":6}},{"start":{"line":74,"column":6},"end":{"line":74,"column":6}}]}}},"C:\\Users\\cinsua\\Desktop\\mini-forum\\v1\\utils\\utils.js":{"path":"C:\\Users\\cinsua\\Desktop\\mini-forum\\v1\\utils\\utils.js","s":{"1":1,"2":134,"3":378,"4":119,"5":259,"6":23,"7":15,"8":15,"9":15,"10":3,"11":5,"12":3,"13":13,"14":3,"15":10,"16":0,"17":10,"18":6,"19":4,"20":2,"21":2,"22":2,"23":0},"b":{"1":[119,259],"2":[378,336],"3":[23,236],"4":[3,10],"5":[0,10],"6":[4,2],"7":[2,0]},"f":{},"fnMap":{},"statementMap":{"1":{"start":{"line":1,"column":0},"end":{"line":38,"column":1}},"2":{"start":{"line":3,"column":4},"end":{"line":6,"column":6}},"3":{"start":{"line":4,"column":6},"end":{"line":5,"column":43}},"4":{"start":{"line":4,"column":42},"end":{"line":4,"column":79}},"5":{"start":{"line":5,"column":11},"end":{"line":5,"column":43}},"6":{"start":{"line":5,"column":28},"end":{"line":5,"column":43}},"7":{"start":{"line":8,"column":4},"end":{"line":8,"column":24}},"8":{"start":{"line":9,"column":4},"end":{"line":9,"column":41}},"9":{"start":{"line":10,"column":4},"end":{"line":10,"column":14}},"10":{"start":{"line":14,"column":4},"end":{"line":14,"column":65}},"11":{"start":{"line":14,"column":30},"end":{"line":14,"column":63}},"12":{"start":{"line":15,"column":4},"end":{"line":15,"column":15}},"13":{"start":{"line":19,"column":4},"end":{"line":23,"column":50}},"14":{"start":{"line":20,"column":6},"end":{"line":20,"column":48}},"15":{"start":{"line":21,"column":9},"end":{"line":23,"column":50}},"16":{"start":{"line":22,"column":6},"end":{"line":22,"column":17}},"17":{"start":{"line":23,"column":9},"end":{"line":23,"column":50}},"18":{"start":{"line":27,"column":4},"end":{"line":28,"column":19}},"19":{"start":{"line":28,"column":6},"end":{"line":28,"column":19}},"20":{"start":{"line":29,"column":4},"end":{"line":32,"column":5}},"21":{"start":{"line":30,"column":6},"end":{"line":31,"column":21}},"22":{"start":{"line":31,"column":8},"end":{"line":31,"column":21}},"23":{"start":{"line":34,"column":4},"end":{"line":34,"column":16}}},"branchMap":{"1":{"line":4,"type":"if","locations":[{"start":{"line":4,"column":6},"end":{"line":4,"column":6}},{"start":{"line":4,"column":6},"end":{"line":4,"column":6}}]},"2":{"line":4,"type":"binary-expr","locations":[{"start":{"line":4,"column":10},"end":{"line":4,"column":13}},{"start":{"line":4,"column":17},"end":{"line":4,"column":40}}]},"3":{"line":5,"type":"if","locations":[{"start":{"line":5,"column":11},"end":{"line":5,"column":11}},{"start":{"line":5,"column":11},"end":{"line":5,"column":11}}]},"4":{"line":19,"type":"if","locations":[{"start":{"line":19,"column":4},"end":{"line":19,"column":4}},{"start":{"line":19,"column":4},"end":{"line":19,"column":4}}]},"5":{"line":21,"type":"if","locations":[{"start":{"line":21,"column":9},"end":{"line":21,"column":9}},{"start":{"line":21,"column":9},"end":{"line":21,"column":9}}]},"6":{"line":27,"type":"if","locations":[{"start":{"line":27,"column":4},"end":{"line":27,"column":4}},{"start":{"line":27,"column":4},"end":{"line":27,"column":4}}]},"7":{"line":30,"type":"if","locations":[{"start":{"line":30,"column":6},"end":{"line":30,"column":6}},{"start":{"line":30,"column":6},"end":{"line":30,"column":6}}]}}},"C:\\Users\\cinsua\\Desktop\\mini-forum\\v1\\models\\penalty.js":{"path":"C:\\Users\\cinsua\\Desktop\\mini-forum\\v1\\models\\penalty.js","s":{"1":1,"2":1,"3":1,"4":1,"5":1,"6":1,"7":2,"8":1,"9":1,"10":1,"11":1,"12":2,"13":1,"14":5,"15":5,"16":5,"17":5,"18":1},"b":{"1":[2,3],"2":[0,5]},"f":{"1":2,"2":2,"3":5},"fnMap":{"1":{"name":"(anonymous_1)","line":21,"loc":{"start":{"line":21,"column":13},"end":{"line":21,"column":25}}},"2":{"name":"(anonymous_2)","line":46,"loc":{"start":{"line":46,"column":41},"end":{"line":46,"column":54}}},"3":{"name":"(anonymous_3)","line":50,"loc":{"start":{"line":50,"column":35},"end":{"line":50,"column":47}}}},"statementMap":{"1":{"start":{"line":1,"column":0},"end":{"line":1,"column":37}},"2":{"start":{"line":2,"column":0},"end":{"line":2,"column":51}},"3":{"start":{"line":3,"column":0},"end":{"line":3,"column":52}},"4":{"start":{"line":4,"column":0},"end":{"line":4,"column":49}},"5":{"start":{"line":6,"column":0},"end":{"line":6,"column":31}},"6":{"start":{"line":8,"column":0},"end":{"line":40,"column":5}},"7":{"start":{"line":21,"column":27},"end":{"line":21,"column":57}},"8":{"start":{"line":42,"column":0},"end":{"line":42,"column":36}},"9":{"start":{"line":43,"column":0},"end":{"line":43,"column":39}},"10":{"start":{"line":44,"column":0},"end":{"line":44,"column":100}},"11":{"start":{"line":46,"column":0},"end":{"line":48,"column":3}},"12":{"start":{"line":47,"column":2},"end":{"line":47,"column":33}},"13":{"start":{"line":50,"column":0},"end":{"line":66,"column":2}},"14":{"start":{"line":52,"column":2},"end":{"line":54,"column":26}},"15":{"start":{"line":57,"column":4},"end":{"line":59,"column":22}},"16":{"start":{"line":61,"column":4},"end":{"line":64,"column":3}},"17":{"start":{"line":65,"column":2},"end":{"line":65,"column":15}},"18":{"start":{"line":68,"column":0},"end":{"line":68,"column":58}}},"branchMap":{"1":{"line":52,"type":"cond-expr","locations":[{"start":{"line":53,"column":4},"end":{"line":53,"column":22}},{"start":{"line":54,"column":4},"end":{"line":54,"column":26}}]},"2":{"line":57,"type":"cond-expr","locations":[{"start":{"line":58,"column":4},"end":{"line":58,"column":26}},{"start":{"line":59,"column":4},"end":{"line":59,"column":22}}]}}},"C:\\Users\\cinsua\\Desktop\\mini-forum\\v1\\models\\thread.js":{"path":"C:\\Users\\cinsua\\Desktop\\mini-forum\\v1\\models\\thread.js","s":{"1":1,"2":1,"3":1,"4":1,"5":1,"6":1,"7":1,"8":1,"9":1,"10":1,"11":1,"12":1,"13":17,"14":11,"15":6,"16":1,"17":17,"18":17,"19":1},"b":{"1":[11,6]},"f":{"1":17,"2":17},"fnMap":{"1":{"name":"(anonymous_1)","line":58,"loc":{"start":{"line":58,"column":41},"end":{"line":58,"column":53}}},"2":{"name":"(anonymous_2)","line":67,"loc":{"start":{"line":67,"column":34},"end":{"line":67,"column":46}}}},"statementMap":{"1":{"start":{"line":1,"column":0},"end":{"line":1,"column":37}},"2":{"start":{"line":2,"column":0},"end":{"line":2,"column":45}},"3":{"start":{"line":5,"column":0},"end":{"line":5,"column":51}},"4":{"start":{"line":6,"column":0},"end":{"line":6,"column":55}},"5":{"start":{"line":7,"column":0},"end":{"line":7,"column":49}},"6":{"start":{"line":9,"column":0},"end":{"line":9,"column":31}},"7":{"start":{"line":11,"column":0},"end":{"line":45,"column":5}},"8":{"start":{"line":47,"column":0},"end":{"line":47,"column":35}},"9":{"start":{"line":48,"column":0},"end":{"line":48,"column":38}},"10":{"start":{"line":49,"column":0},"end":{"line":49,"column":99}},"11":{"start":{"line":51,"column":0},"end":{"line":56,"column":3}},"12":{"start":{"line":58,"column":0},"end":{"line":65,"column":2}},"13":{"start":{"line":62,"column":2},"end":{"line":62,"column":42}},"14":{"start":{"line":62,"column":18},"end":{"line":62,"column":42}},"15":{"start":{"line":64,"column":2},"end":{"line":64,"column":10}},"16":{"start":{"line":67,"column":0},"end":{"line":73,"column":2}},"17":{"start":{"line":68,"column":2},"end":{"line":71,"column":3}},"18":{"start":{"line":72,"column":2},"end":{"line":72,"column":15}},"19":{"start":{"line":76,"column":0},"end":{"line":76,"column":56}}},"branchMap":{"1":{"line":62,"type":"if","locations":[{"start":{"line":62,"column":2},"end":{"line":62,"column":2}},{"start":{"line":62,"column":2},"end":{"line":62,"column":2}}]}}},"C:\\Users\\cinsua\\Desktop\\mini-forum\\v1\\models\\comment.js":{"path":"C:\\Users\\cinsua\\Desktop\\mini-forum\\v1\\models\\comment.js","s":{"1":1,"2":1,"3":1,"4":1,"5":1,"6":1,"7":1,"8":1,"9":1,"10":1,"11":1,"12":1,"13":4,"14":4,"15":0,"16":1,"17":4,"18":4,"19":1},"b":{"1":[4,0]},"f":{"1":4,"2":4},"fnMap":{"1":{"name":"(anonymous_1)","line":49,"loc":{"start":{"line":49,"column":42},"end":{"line":49,"column":54}}},"2":{"name":"(anonymous_2)","line":58,"loc":{"start":{"line":58,"column":35},"end":{"line":58,"column":47}}}},"statementMap":{"1":{"start":{"line":1,"column":0},"end":{"line":1,"column":37}},"2":{"start":{"line":2,"column":0},"end":{"line":2,"column":45}},"3":{"start":{"line":5,"column":0},"end":{"line":5,"column":51}},"4":{"start":{"line":6,"column":0},"end":{"line":6,"column":55}},"5":{"start":{"line":7,"column":0},"end":{"line":7,"column":49}},"6":{"start":{"line":9,"column":0},"end":{"line":9,"column":31}},"7":{"start":{"line":11,"column":0},"end":{"line":36,"column":5}},"8":{"start":{"line":38,"column":0},"end":{"line":38,"column":36}},"9":{"start":{"line":39,"column":0},"end":{"line":39,"column":39}},"10":{"start":{"line":40,"column":0},"end":{"line":40,"column":100}},"11":{"start":{"line":42,"column":0},"end":{"line":47,"column":3}},"12":{"start":{"line":49,"column":0},"end":{"line":56,"column":2}},"13":{"start":{"line":53,"column":2},"end":{"line":53,"column":42}},"14":{"start":{"line":53,"column":18},"end":{"line":53,"column":42}},"15":{"start":{"line":55,"column":2},"end":{"line":55,"column":10}},"16":{"start":{"line":58,"column":0},"end":{"line":64,"column":2}},"17":{"start":{"line":59,"column":2},"end":{"line":62,"column":3}},"18":{"start":{"line":63,"column":2},"end":{"line":63,"column":15}},"19":{"start":{"line":67,"column":0},"end":{"line":67,"column":58}}},"branchMap":{"1":{"line":53,"type":"if","locations":[{"start":{"line":53,"column":2},"end":{"line":53,"column":2}},{"start":{"line":53,"column":2},"end":{"line":53,"column":2}}]}}},"C:\\Users\\cinsua\\Desktop\\mini-forum\\v1\\routes\\thread.js":{"path":"C:\\Users\\cinsua\\Desktop\\mini-forum\\v1\\routes\\thread.js","s":{"1":1,"2":1,"3":1,"4":1,"5":1,"6":1,"7":1,"8":1,"9":1,"10":1,"11":1},"b":{},"f":{},"fnMap":{},"statementMap":{"1":{"start":{"line":1,"column":0},"end":{"line":1,"column":58}},"2":{"start":{"line":2,"column":0},"end":{"line":2,"column":47}},"3":{"start":{"line":3,"column":0},"end":{"line":3,"column":45}},"4":{"start":{"line":4,"column":0},"end":{"line":4,"column":37}},"5":{"start":{"line":5,"column":0},"end":{"line":5,"column":67}},"6":{"start":{"line":7,"column":0},"end":{"line":7,"column":51}},"7":{"start":{"line":9,"column":0},"end":{"line":9,"column":58}},"8":{"start":{"line":10,"column":0},"end":{"line":10,"column":60}},"9":{"start":{"line":12,"column":0},"end":{"line":12,"column":62}},"10":{"start":{"line":19,"column":0},"end":{"line":19,"column":83}},"11":{"start":{"line":21,"column":0},"end":{"line":128,"column":1}}},"branchMap":{}},"C:\\Users\\cinsua\\Desktop\\mini-forum\\v1\\routes\\threadValidators.js":{"path":"C:\\Users\\cinsua\\Desktop\\mini-forum\\v1\\routes\\threadValidators.js","s":{"1":1,"2":1,"3":1,"4":1,"5":1,"6":1,"7":1,"8":1,"9":1,"10":1,"11":1,"12":1,"13":1,"14":1,"15":1,"16":1,"17":1,"18":1,"19":1,"20":1},"b":{},"f":{},"fnMap":{},"statementMap":{"1":{"start":{"line":1,"column":0},"end":{"line":1,"column":27}},"2":{"start":{"line":2,"column":0},"end":{"line":2,"column":40}},"3":{"start":{"line":8,"column":0},"end":{"line":8,"column":64}},"4":{"start":{"line":11,"column":0},"end":{"line":11,"column":47}},"5":{"start":{"line":12,"column":0},"end":{"line":12,"column":57}},"6":{"start":{"line":13,"column":0},"end":{"line":13,"column":29}},"7":{"start":{"line":16,"column":0},"end":{"line":16,"column":57}},"8":{"start":{"line":20,"column":0},"end":{"line":20,"column":42}},"9":{"start":{"line":21,"column":0},"end":{"line":21,"column":43}},"10":{"start":{"line":28,"column":0},"end":{"line":30,"column":2}},"11":{"start":{"line":31,"column":0},"end":{"line":33,"column":2}},"12":{"start":{"line":34,"column":0},"end":{"line":36,"column":2}},"13":{"start":{"line":37,"column":0},"end":{"line":39,"column":2}},"14":{"start":{"line":41,"column":0},"end":{"line":46,"column":2}},"15":{"start":{"line":48,"column":0},"end":{"line":54,"column":2}},"16":{"start":{"line":56,"column":0},"end":{"line":60,"column":2}},"17":{"start":{"line":62,"column":0},"end":{"line":66,"column":2}},"18":{"start":{"line":68,"column":0},"end":{"line":74,"column":2}},"19":{"start":{"line":76,"column":0},"end":{"line":80,"column":2}},"20":{"start":{"line":83,"column":0},"end":{"line":117,"column":1}}},"branchMap":{}},"C:\\Users\\cinsua\\Desktop\\mini-forum\\v1\\routes\\index.js":{"path":"C:\\Users\\cinsua\\Desktop\\mini-forum\\v1\\routes\\index.js","s":{"1":1,"2":1,"3":1,"4":1,"5":0,"6":1,"7":17,"8":15,"9":31,"10":1,"11":2},"b":{"1":[15,2],"2":[17,16]},"f":{"1":1},"fnMap":{"1":{"name":"(anonymous_1)","line":8,"loc":{"start":{"line":8,"column":15},"end":{"line":8,"column":28}}}},"statementMap":{"1":{"start":{"line":5,"column":0},"end":{"line":5,"column":33}},"2":{"start":{"line":6,"column":0},"end":{"line":6,"column":31}},"3":{"start":{"line":7,"column":0},"end":{"line":26,"column":1}},"4":{"start":{"line":10,"column":4},"end":{"line":11,"column":21}},"5":{"start":{"line":11,"column":6},"end":{"line":11,"column":21}},"6":{"start":{"line":14,"column":4},"end":{"line":20,"column":5}},"7":{"start":{"line":15,"column":6},"end":{"line":19,"column":7}},"8":{"start":{"line":16,"column":8},"end":{"line":18,"column":9}},"9":{"start":{"line":17,"column":10},"end":{"line":17,"column":87}},"10":{"start":{"line":23,"column":4},"end":{"line":24,"column":21}},"11":{"start":{"line":24,"column":6},"end":{"line":24,"column":21}}},"branchMap":{"1":{"line":15,"type":"if","locations":[{"start":{"line":15,"column":6},"end":{"line":15,"column":6}},{"start":{"line":15,"column":6},"end":{"line":15,"column":6}}]},"2":{"line":15,"type":"binary-expr","locations":[{"start":{"line":15,"column":10},"end":{"line":15,"column":38}},{"start":{"line":15,"column":42},"end":{"line":15,"column":71}}]}}},"C:\\Users\\cinsua\\Desktop\\mini-forum\\v1\\strategies\\guest.js":{"path":"C:\\Users\\cinsua\\Desktop\\mini-forum\\v1\\strategies\\guest.js","s":{"1":1,"2":1,"3":1,"4":1,"5":1,"6":1,"7":43,"8":43,"9":1,"10":1,"11":1,"12":1,"13":1,"14":0,"15":1,"16":1,"17":1,"18":1,"19":1,"20":43,"21":43,"22":43,"23":0,"24":43,"25":0,"26":43},"b":{"1":[1,0],"2":[0,1],"3":[0,43],"4":[0,43]},"f":{"1":1,"2":43,"3":1,"4":43,"5":43},"fnMap":{"1":{"name":"(anonymous_1)","line":6,"loc":{"start":{"line":6,"column":17},"end":{"line":6,"column":29}}},"2":{"name":"(anonymous_2)","line":7,"loc":{"start":{"line":7,"column":33},"end":{"line":7,"column":54}}},"3":{"name":"GuestStrategy","line":18,"loc":{"start":{"line":18,"column":0},"end":{"line":18,"column":40}}},"4":{"name":"(anonymous_4)","line":33,"loc":{"start":{"line":33,"column":39},"end":{"line":33,"column":63}}},"5":{"name":"(anonymous_5)","line":35,"loc":{"start":{"line":35,"column":20},"end":{"line":35,"column":47}}}},"statementMap":{"1":{"start":{"line":1,"column":0},"end":{"line":1,"column":37}},"2":{"start":{"line":2,"column":0},"end":{"line":2,"column":29}},"3":{"start":{"line":3,"column":0},"end":{"line":3,"column":46}},"4":{"start":{"line":4,"column":0},"end":{"line":4,"column":40}},"5":{"start":{"line":6,"column":0},"end":{"line":14,"column":1}},"6":{"start":{"line":7,"column":2},"end":{"line":13,"column":4}},"7":{"start":{"line":10,"column":4},"end":{"line":10,"column":22}},"8":{"start":{"line":11,"column":4},"end":{"line":11,"column":20}},"9":{"start":{"line":18,"column":0},"end":{"line":29,"column":1}},"10":{"start":{"line":19,"column":2},"end":{"line":22,"column":3}},"11":{"start":{"line":20,"column":4},"end":{"line":20,"column":21}},"12":{"start":{"line":21,"column":4},"end":{"line":21,"column":17}},"13":{"start":{"line":23,"column":2},"end":{"line":25,"column":3}},"14":{"start":{"line":24,"column":4},"end":{"line":24,"column":68}},"15":{"start":{"line":26,"column":2},"end":{"line":26,"column":22}},"16":{"start":{"line":27,"column":2},"end":{"line":27,"column":22}},"17":{"start":{"line":28,"column":2},"end":{"line":28,"column":24}},"18":{"start":{"line":31,"column":0},"end":{"line":31,"column":39}},"19":{"start":{"line":33,"column":0},"end":{"line":40,"column":2}},"20":{"start":{"line":34,"column":2},"end":{"line":34,"column":18}},"21":{"start":{"line":35,"column":2},"end":{"line":39,"column":5}},"22":{"start":{"line":36,"column":4},"end":{"line":36,"column":40}},"23":{"start":{"line":36,"column":15},"end":{"line":36,"column":38}},"24":{"start":{"line":37,"column":4},"end":{"line":37,"column":42}},"25":{"start":{"line":37,"column":17},"end":{"line":37,"column":40}},"26":{"start":{"line":38,"column":4},"end":{"line":38,"column":29}}},"branchMap":{"1":{"line":19,"type":"if","locations":[{"start":{"line":19,"column":2},"end":{"line":19,"column":2}},{"start":{"line":19,"column":2},"end":{"line":19,"column":2}}]},"2":{"line":23,"type":"if","locations":[{"start":{"line":23,"column":2},"end":{"line":23,"column":2}},{"start":{"line":23,"column":2},"end":{"line":23,"column":2}}]},"3":{"line":36,"type":"if","locations":[{"start":{"line":36,"column":4},"end":{"line":36,"column":4}},{"start":{"line":36,"column":4},"end":{"line":36,"column":4}}]},"4":{"line":37,"type":"if","locations":[{"start":{"line":37,"column":4},"end":{"line":37,"column":4}},{"start":{"line":37,"column":4},"end":{"line":37,"column":4}}]}}}}