TN:
SF:C:\Users\cinsua\Desktop\mini-forum\server.js
FNF:0
FNH:0
DA:1,1
DA:6,1
DA:7,1
DA:8,1
DA:9,1
DA:10,1
DA:11,1
DA:14,1
DA:15,1
DA:16,1
DA:18,1
DA:21,1
DA:22,1
DA:24,1
DA:25,1
DA:28,1
DA:31,1
DA:32,1
DA:35,1
DA:38,1
DA:41,1
DA:44,1
DA:46,1
DA:47,1
DA:48,1
DA:51,1
LF:26
LH:26
BRDA:28,1,0,0
BRDA:28,1,1,1
BRF:2
BRH:1
end_of_record
TN:
SF:C:\Users\cinsua\Desktop\mini-forum\tools\serverTools.js
FNF:0
FNH:0
DA:2,1
DA:4,1
DA:14,0
DA:15,0
DA:16,0
DA:17,0
DA:19,0
DA:24,0
DA:25,0
DA:26,0
DA:27,0
DA:28,0
DA:30,0
DA:31,0
DA:33,0
DA:34,0
DA:36,0
DA:37,0
DA:39,0
DA:40,0
DA:42,0
DA:44,0
DA:45,0
DA:46,0
DA:47,0
DA:48,0
DA:50,0
DA:52,0
DA:53,0
DA:54,0
DA:55,0
DA:58,0
DA:62,0
DA:63,0
DA:64,0
DA:65,0
DA:66,0
DA:68,0
LF:38
LH:2
BRDA:14,1,0,0
BRDA:14,1,1,0
BRDA:16,2,0,0
BRDA:16,2,1,0
BRDA:26,3,0,0
BRDA:26,3,1,0
BRDA:27,4,0,0
BRDA:27,4,1,0
BRDA:28,5,0,0
BRDA:28,5,1,0
BRDA:28,5,2,0
BRDA:28,5,3,0
BRDA:28,5,4,0
BRDA:45,6,0,0
BRDA:45,6,1,0
BRDA:47,7,0,0
BRDA:47,7,1,0
BRDA:53,8,0,0
BRDA:53,8,1,0
BRF:19
BRH:0
end_of_record
TN:
SF:C:\Users\cinsua\Desktop\mini-forum\config\config.js
FNF:0
FNH:0
DA:6,1
DA:7,1
DA:8,1
DA:9,1
DA:11,1
DA:12,1
LF:6
LH:6
BRDA:8,1,0,1
BRDA:8,1,1,0
BRF:2
BRH:1
end_of_record
TN:
SF:C:\Users\cinsua\Desktop\mini-forum\v1\utils\customErrors.js
FN:15,(anonymous_1)
FN:30,(anonymous_2)
FN:36,(anonymous_3)
FN:42,(anonymous_4)
FN:46,(anonymous_5)
FN:51,(anonymous_6)
FNF:6
FNH:3
FNDA:0,(anonymous_1)
FNDA:21,(anonymous_2)
FNDA:21,(anonymous_3)
FNDA:21,(anonymous_4)
FNDA:0,(anonymous_5)
FNDA:0,(anonymous_6)
DA:1,1
DA:16,0
DA:19,0
DA:20,0
DA:21,0
DA:22,0
DA:23,0
DA:24,0
DA:31,21
DA:32,21
DA:33,21
DA:34,21
DA:37,21
DA:41,1
DA:43,21
DA:44,21
DA:47,0
DA:48,0
DA:52,0
DA:53,0
LF:20
LH:9
BRF:0
BRH:0
end_of_record
TN:
SF:C:\Users\cinsua\Desktop\mini-forum\v1\utils\detailErrors.js
FNF:0
FNH:0
DA:2,1
DA:101,1
LF:2
LH:2
BRF:0
BRH:0
end_of_record
TN:
SF:C:\Users\cinsua\Desktop\mini-forum\v1\routes\user.js
FN:166,hello
FNF:1
FNH:1
FNDA:2,hello
DA:1,1
DA:2,1
DA:3,1
DA:4,1
DA:5,1
DA:7,1
DA:9,1
DA:10,1
DA:12,1
DA:14,1
DA:21,1
DA:23,1
DA:166,1
DA:167,2
DA:168,2
DA:170,2
LF:16
LH:16
BRF:0
BRH:0
end_of_record
TN:
SF:C:\Users\cinsua\Desktop\mini-forum\v1\middlewares\request.js
FN:4,(anonymous_1)
FNF:1
FNH:1
FNDA:84,(anonymous_1)
DA:1,1
DA:3,1
DA:6,84
DA:9,84
DA:15,84
DA:16,84
DA:17,29
DA:21,84
DA:22,84
LF:9
LH:9
BRDA:16,1,0,29
BRDA:16,1,1,55
BRF:2
BRH:2
end_of_record
TN:
SF:C:\Users\cinsua\Desktop\mini-forum\v1\routes\userValidators.js
FNF:0
FNH:0
DA:1,1
DA:2,1
DA:8,1
DA:11,1
DA:12,1
DA:13,1
DA:14,1
DA:17,1
DA:18,1
DA:19,1
DA:22,1
DA:23,1
DA:29,1
DA:32,1
DA:35,1
DA:38,1
DA:42,1
DA:49,1
DA:57,1
DA:64,1
DA:69,1
DA:74,1
DA:84,1
LF:23
LH:23
BRF:0
BRH:0
end_of_record
TN:
SF:C:\Users\cinsua\Desktop\mini-forum\v1\models\roles.js
FNF:0
FNH:0
DA:1,1
LF:1
LH:1
BRF:0
BRH:0
end_of_record
TN:
SF:C:\Users\cinsua\Desktop\mini-forum\v1\services\hateoas.js
FN:56,getChilds
FNF:1
FNH:1
FNDA:43,getChilds
DA:6,1
DA:8,1
DA:11,43
DA:12,43
DA:13,43
DA:15,43
DA:17,43
DA:18,4
DA:24,4
DA:25,4
DA:26,4
DA:31,4
DA:32,0
DA:36,4
DA:37,0
DA:42,4
DA:43,0
DA:49,43
DA:50,43
DA:51,43
DA:52,43
DA:56,1
DA:59,43
DA:60,43
DA:61,43
DA:65,43
DA:66,731
DA:67,45
DA:69,43
DA:72,43
DA:73,45
DA:74,94
DA:75,40
DA:84,43
LF:34
LH:31
BRDA:17,1,0,4
BRDA:17,1,1,39
BRDA:25,2,0,4
BRDA:25,2,1,0
BRDA:31,3,0,0
BRDA:31,3,1,4
BRDA:36,4,0,0
BRDA:36,4,1,4
BRDA:42,5,0,0
BRDA:42,5,1,4
BRDA:51,6,0,14
BRDA:51,6,1,29
BRDA:51,7,0,43
BRDA:51,7,1,43
BRDA:59,8,0,0
BRDA:59,8,1,43
BRDA:60,9,0,25
BRDA:60,9,1,18
BRDA:61,10,0,2
BRDA:61,10,1,41
BRDA:66,11,0,731
BRDA:66,11,1,690
BRDA:66,11,2,121
BRDA:74,12,0,40
BRDA:74,12,1,54
BRF:25
BRH:20
end_of_record
TN:
SF:C:\Users\cinsua\Desktop\mini-forum\v1\utils\utils.js
FNF:0
FNH:0
DA:1,1
DA:3,134
DA:4,378
DA:5,259
DA:8,15
DA:9,15
DA:10,15
DA:14,5
DA:15,3
DA:19,13
DA:20,3
DA:21,10
DA:22,0
DA:23,10
DA:27,6
DA:28,4
DA:29,2
DA:30,2
DA:31,2
DA:34,0
LF:20
LH:18
BRDA:4,1,0,119
BRDA:4,1,1,259
BRDA:4,2,0,378
BRDA:4,2,1,336
BRDA:5,3,0,23
BRDA:5,3,1,236
BRDA:19,4,0,3
BRDA:19,4,1,10
BRDA:21,5,0,0
BRDA:21,5,1,10
BRDA:27,6,0,4
BRDA:27,6,1,2
BRDA:30,7,0,2
BRDA:30,7,1,0
BRF:14
BRH:12
end_of_record
TN:
SF:C:\Users\cinsua\Desktop\mini-forum\v1\models\penalty.js
FN:21,(anonymous_1)
FN:46,(anonymous_2)
FN:50,(anonymous_3)
FNF:3
FNH:3
FNDA:2,(anonymous_1)
FNDA:2,(anonymous_2)
FNDA:5,(anonymous_3)
DA:1,1
DA:2,1
DA:3,1
DA:4,1
DA:6,1
DA:8,1
DA:21,2
DA:42,1
DA:43,1
DA:44,1
DA:46,1
DA:47,2
DA:50,1
DA:52,5
DA:57,5
DA:61,5
DA:65,5
DA:68,1
LF:18
LH:18
BRDA:52,1,0,2
BRDA:52,1,1,3
BRDA:57,2,0,0
BRDA:57,2,1,5
BRF:4
BRH:3
end_of_record
TN:
SF:C:\Users\cinsua\Desktop\mini-forum\v1\models\thread.js
FN:58,(anonymous_1)
FN:67,(anonymous_2)
FNF:2
FNH:2
FNDA:17,(anonymous_1)
FNDA:17,(anonymous_2)
DA:1,1
DA:2,1
DA:5,1
DA:6,1
DA:7,1
DA:9,1
DA:11,1
DA:47,1
DA:48,1
DA:49,1
DA:51,1
DA:58,1
DA:62,17
DA:64,6
DA:67,1
DA:68,17
DA:72,17
DA:76,1
LF:18
LH:18
BRDA:62,1,0,11
BRDA:62,1,1,6
BRF:2
BRH:2
end_of_record
TN:
SF:C:\Users\cinsua\Desktop\mini-forum\v1\models\comment.js
FN:49,(anonymous_1)
FN:58,(anonymous_2)
FNF:2
FNH:2
FNDA:4,(anonymous_1)
FNDA:4,(anonymous_2)
DA:1,1
DA:2,1
DA:5,1
DA:6,1
DA:7,1
DA:9,1
DA:11,1
DA:38,1
DA:39,1
DA:40,1
DA:42,1
DA:49,1
DA:53,4
DA:55,0
DA:58,1
DA:59,4
DA:63,4
DA:67,1
LF:18
LH:17
BRDA:53,1,0,4
BRDA:53,1,1,0
BRF:2
BRH:1
end_of_record
TN:
SF:C:\Users\cinsua\Desktop\mini-forum\v1\routes\thread.js
FNF:0
FNH:0
DA:1,1
DA:2,1
DA:3,1
DA:4,1
DA:5,1
DA:7,1
DA:9,1
DA:10,1
DA:12,1
DA:19,1
DA:21,1
LF:11
LH:11
BRF:0
BRH:0
end_of_record
TN:
SF:C:\Users\cinsua\Desktop\mini-forum\v1\routes\threadValidators.js
FNF:0
FNH:0
DA:1,1
DA:2,1
DA:8,1
DA:11,1
DA:12,1
DA:13,1
DA:16,1
DA:20,1
DA:21,1
DA:28,1
DA:31,1
DA:34,1
DA:37,1
DA:41,1
DA:48,1
DA:56,1
DA:62,1
DA:68,1
DA:76,1
DA:83,1
LF:20
LH:20
BRF:0
BRH:0
end_of_record
TN:
SF:C:\Users\cinsua\Desktop\mini-forum\v1\routes\index.js
FN:8,(anonymous_1)
FNF:1
FNH:1
FNDA:1,(anonymous_1)
DA:5,1
DA:6,1
DA:7,1
DA:10,1
DA:11,0
DA:14,1
DA:15,17
DA:16,15
DA:17,31
DA:23,1
DA:24,2
LF:11
LH:10
BRDA:15,1,0,15
BRDA:15,1,1,2
BRDA:15,2,0,17
BRDA:15,2,1,16
BRF:4
BRH:4
end_of_record
TN:
SF:C:\Users\cinsua\Desktop\mini-forum\v1\strategies\guest.js
FN:6,(anonymous_1)
FN:7,(anonymous_2)
FN:18,GuestStrategy
FN:33,(anonymous_4)
FN:35,(anonymous_5)
FNF:5
FNH:5
FNDA:1,(anonymous_1)
FNDA:43,(anonymous_2)
FNDA:1,GuestStrategy
FNDA:43,(anonymous_4)
FNDA:43,(anonymous_5)
DA:1,1
DA:2,1
DA:3,1
DA:4,1
DA:6,1
DA:7,1
DA:10,43
DA:11,43
DA:18,1
DA:19,1
DA:20,1
DA:21,1
DA:23,1
DA:24,0
DA:26,1
DA:27,1
DA:28,1
DA:31,1
DA:33,1
DA:34,43
DA:35,43
DA:36,43
DA:37,43
DA:38,43
LF:24
LH:23
BRDA:19,1,0,1
BRDA:19,1,1,0
BRDA:23,2,0,0
BRDA:23,2,1,1
BRDA:36,3,0,0
BRDA:36,3,1,43
BRDA:37,4,0,0
BRDA:37,4,1,43
BRF:8
BRH:4
end_of_record
